2026-06-09 15:45:20,469 INFO [weather] Loaded 672 rows successfully.
2026-06-09 15:45:20,713 INFO [flight] Loaded 4 rows successfully.
2026-06-09 15:45:20,912 INFO [hotel] Loaded 1 rows successfully.
2026-06-09 15:48:02,469 INFO [hotel] Loaded 11 rows successfully.
2026-06-09 15:55:07,724 INFO [weather] Loaded 672 rows successfully.
2026-06-09 15:55:08,530 INFO [hotel] Loaded 11 rows successfully.
2026-06-09 15:59:25,176 INFO [weather] Loaded 672 rows successfully.
2026-06-09 15:59:25,990 ERROR [hotel] Load failed: (pymysql.err.OperationalError) (1054, "Unknown column 'close_to_airport' in 'field list'")
[SQL: INSERT INTO hotel (name, stay_type, rating, price, location, `noPeople`, `Beds`, `Bedroom`, `Bathroom`, check_in_out, close_to_airport, fetched_at) VALUES (%(name)s, %(stay_type)s, %(rating)s, %(price)s, %(location)s, %(noPeople)s, %(Beds)s, %(Bedroom)s, %(Bathroom)s, %(check_in_out)s, %(close_to_airport)s, %(fetched_at)s)]
[parameters: [{'name': 'Grand Hyatt Goa', 'stay_type': 'hotel', 'rating': 2.9, 'price': 78013, 'location': 'Goa', 'noPeople': None, 'Beds': None, 'Bedroom': None, 'Bathroom': None, 'check_in_out': '3:00\u202fPM - 12:00\u202fPM', 'close_to_airport': 'Yes', 'fetched_at': datetime.datetime(2026, 6, 9, 15, 59, 25, 923223)}, {'name': 'ITC Grand Goa, a Luxury Collection Resort & Spa, Goa', 'stay_type': 'hotel', 'rating': 3.3, 'price': 93639, 'location': 'Goa', 'noPeople': None, 'Beds': None, 'Bedroom': None, 'Bathroom': None, 'check_in_out': '3:00\u202fPM - 12:00\u202fPM', 'close_to_airport': 'Yes', 'fetched_at': datetime.datetime(2026, 6, 9, 15, 59, 25, 923223)}, {'name': 'Moustache Goa Luxuria', 'stay_type': 'hotel', 'rating': 3.4, 'price': 2531, 'location': 'Goa', 'noPeople': None, 'Beds': None, 'Bedroom': None, 'Bathroom': None, 'check_in_out': '1:30\u202fPM - 11:00\u202fAM', 'close_to_airport': 'Yes', 'fetched_at': datetime.datetime(2026, 6, 9, 15, 59, 25, 923223)}, {'name': 'Holiday Inn Goa Candolim by IHG', 'stay_type': 'hotel', 'rating': 4.3, 'price': 27144, 'location': 'Goa', 'noPeople': None, 'Beds': None, 'Bedroom': None, 'Bathroom': None, 'check_in_out': '3:00\u202fPM - 12:00\u202fPM', 'close_to_airport': 'Yes', 'fetched_at': datetime.datetime(2026, 6, 9, 15, 59, 25, 923223)}, {'name': 'Zostel Goa (Morjim)', 'stay_type': 'hotel', 'rating': 4.0, 'price': 4300, 'location': 'Goa', 'noPeople': None, 'Beds': None, 'Bedroom': None, 'Bathroom': None, 'check_in_out': '1:00\u202fPM - 10:00\u202fAM', 'close_to_airport': 'Yes', 'fetched_at': datetime.datetime(2026, 6, 9, 15, 59, 25, 923223)}, {'name': 'DoubleTree by Hilton Hotel Goa - Arpora - Baga', 'stay_type': 'hotel', 'rating': 3.5, 'price': 28129, 'location': 'Goa', 'noPeople': None, 'Beds': None, 'Bedroom': None, 'Bathroom': None, 'check_in_out': '3:00\u202fPM - 12:00\u202fPM', 'close_to_airport': 'Yes', 'fetched_at': datetime.datetime(2026, 6, 9, 15, 59, 25, 923223)}, {'name': 'Le M廨idien Goa, Calangute', 'stay_type': 'hotel', 'rating': 4.6, 'price': 34412, 'location': 'Goa', 'noPeople': None, 'Beds': None, 'Bedroom': None, 'Bathroom': None, 'check_in_out': '3:00\u202fPM - 12:00\u202fPM', 'close_to_airport': 'Yes', 'fetched_at': datetime.datetime(2026, 6, 9, 15, 59, 25, 923223)}, {'name': 'JW Marriott Goa', 'stay_type': 'hotel', 'rating': 4.1, 'price': 112100, 'location': 'Goa', 'noPeople': None, 'Beds': None, 'Bedroom': None, 'Bathroom': None, 'check_in_out': '3:00\u202fPM - 12:00\u202fPM', 'close_to_airport': 'Yes', 'fetched_at': datetime.datetime(2026, 6, 9, 15, 59, 25, 923223)}  ... displaying 10 of 20 total bound parameter sets ...  {'name': '1 BHK Apartment in Calangute- Mona 04', 'stay_type': 'vacation rental', 'rating': None, 'price': 9773, 'location': 'Goa', 'noPeople': 3, 'Beds': 2, 'Bedroom': 1, 'Bathroom': 1, 'check_in_out': '2:00\u202fPM - 11:00\u202fAM', 'close_to_airport': 'No', 'fetched_at': datetime.datetime(2026, 6, 9, 15, 59, 25, 923223)}, {'name': 'HOTEL BW - Two-Bedroom Apartment', 'stay_type': 'vacation rental', 'rating': None, 'price': 5812, 'location': 'Goa', 'noPeople': 6, 'Beds': 2, 'Bedroom': 2, 'Bathroom': 1, 'check_in_out': '12:00\u202fPM - 10:00\u202fAM', 'close_to_airport': 'No', 'fetched_at': datetime.datetime(2026, 6, 9, 15, 59, 25, 923223)}]]
(Background on this error at: https://sqlalche.me/e/20/e3q8)
2026-06-09 15:59:27,183 INFO [weather] Loaded 672 rows successfully.
2026-06-09 15:59:30,653 ERROR [hotel] Load failed: (pymysql.err.OperationalError) (1054, "Unknown column 'close_to_airport' in 'field list'")
[SQL: INSERT INTO hotel (name, stay_type, rating, price, location, `noPeople`, `Beds`, `Bedroom`, `Bathroom`, check_in_out, close_to_airport, fetched_at) VALUES (%(name)s, %(stay_type)s, %(rating)s, %(price)s, %(location)s, %(noPeople)s, %(Beds)s, %(Bedroom)s, %(Bathroom)s, %(check_in_out)s, %(close_to_airport)s, %(fetched_at)s)]
[parameters: [{'name': 'Munroe Nest Homestay', 'stay_type': 'vacation rental', 'rating': None, 'price': 11586, 'location': 'Kerala', 'noPeople': 2.0, 'Beds': 10.0, 'Bedroom': 10.0, 'Bathroom': 1.0, 'check_in_out': '12:00\u202fPM - 12:00\u202fPM', 'close_to_airport': 'No', 'fetched_at': datetime.datetime(2026, 6, 9, 15, 59, 30, 597179)}, {'name': 'Sea Hut Homestay - Standard Double Room', 'stay_type': 'vacation rental', 'rating': 3.1, 'price': 8533, 'location': 'Kerala', 'noPeople': 3.0, 'Beds': None, 'Bedroom': 1.0, 'Bathroom': 2.0, 'check_in_out': '12:00\u202fPM - 11:00\u202fAM', 'close_to_airport': 'Yes', 'fetched_at': datetime.datetime(2026, 6, 9, 15, 59, 30, 597179)}, {'name': 'Taj Wayanad Resort & Spa Kerala', 'stay_type': 'hotel', 'rating': 3.2, 'price': 91757, 'location': 'Kerala', 'noPeople': None, 'Beds': None, 'Bedroom': None, 'Bathroom': None, 'check_in_out': '2:00\u202fPM - 11:00\u202fAM', 'close_to_airport': 'Yes', 'fetched_at': datetime.datetime(2026, 6, 9, 15, 59, 30, 597179)}]]
(Background on this error at: https://sqlalche.me/e/20/e3q8)
2026-06-09 15:59:32,241 INFO [weather] Loaded 672 rows successfully.
2026-06-09 15:59:35,256 ERROR [hotel] Load failed: (pymysql.err.OperationalError) (1054, "Unknown column 'close_to_airport' in 'field list'")
[SQL: INSERT INTO hotel (name, stay_type, rating, price, location, `noPeople`, `Beds`, `Bedroom`, `Bathroom`, check_in_out, close_to_airport, fetched_at) VALUES (%(name)s, %(stay_type)s, %(rating)s, %(price)s, %(location)s, %(noPeople)s, %(Beds)s, %(Bedroom)s, %(Bathroom)s, %(check_in_out)s, %(close_to_airport)s, %(fetched_at)s)]
[parameters: [{'name': 'The Ummed Jodhpur Palace Resort & Spa', 'stay_type': 'hotel', 'rating': 2.7, 'price': 16965, 'location': 'Rajasthan', 'noPeople': None, 'Beds': None, 'Bedroom': None, 'Bathroom': None, 'check_in_out': '2:00\u202fAM - 12:00\u202fPM', 'close_to_airport': 'Yes', 'fetched_at': datetime.datetime(2026, 6, 9, 15, 59, 35, 207183)}, {'name': 'The Cavalry - Abhay Niwas - Deluxe Suite', 'stay_type': 'vacation rental', 'rating': None, 'price': 21839, 'location': 'Rajasthan', 'noPeople': 4, 'Beds': None, 'Bedroom': 1, 'Bathroom': 1, 'check_in_out': '12:00\u202fPM - 10:00\u202fAM', 'close_to_airport': 'No', 'fetched_at': datetime.datetime(2026, 6, 9, 15, 59, 35, 207183)}, {'name': 'Rajasthan Palace - A Heritage Boutique Hotel in Jaipur', 'stay_type': 'hotel', 'rating': 4.1, 'price': 18768, 'location': 'Rajasthan', 'noPeople': None, 'Beds': None, 'Bedroom': None, 'Bathroom': None, 'check_in_out': '1:00\u202fPM - 11:00\u202fAM', 'close_to_airport': 'Yes', 'fetched_at': datetime.datetime(2026, 6, 9, 15, 59, 35, 207183)}, {'name': 'Raajsa, Kumbhalgarh - IHCL SeleQtions', 'stay_type': 'hotel', 'rating': 4.7, 'price': 32550, 'location': 'Rajasthan', 'noPeople': None, 'Beds': None, 'Bedroom': None, 'Bathroom': None, 'check_in_out': '2:00\u202fPM - 12:00\u202fPM', 'close_to_airport': 'Yes', 'fetched_at': datetime.datetime(2026, 6, 9, 15, 59, 35, 207183)}, {'name': 'The Kumbha Bagh', 'stay_type': 'hotel', 'rating': 3.6, 'price': 21050, 'location': 'Rajasthan', 'noPeople': None, 'Beds': None, 'Bedroom': None, 'Bathroom': None, 'check_in_out': '2:00\u202fPM - 10:30\u202fAM', 'close_to_airport': 'Yes', 'fetched_at': datetime.datetime(2026, 6, 9, 15, 59, 35, 207183)}, {'name': 'Hotel Kanhaia Haveli', 'stay_type': 'hotel', 'rating': 5.0, 'price': 3976, 'location': 'Rajasthan', 'noPeople': None, 'Beds': None, 'Bedroom': None, 'Bathroom': None, 'check_in_out': '10:00\u202fAM - 10:00\u202fAM', 'close_to_airport': 'Yes', 'fetched_at': datetime.datetime(2026, 6, 9, 15, 59, 35, 207183)}, {'name': 'InterContinental Jaipur Tonk Road by IHG', 'stay_type': 'hotel', 'rating': 3.2, 'price': 31233, 'location': 'Rajasthan', 'noPeople': None, 'Beds': None, 'Bedroom': None, 'Bathroom': None, 'check_in_out': '2:00\u202fPM - 12:00\u202fPM', 'close_to_airport': 'Yes', 'fetched_at': datetime.datetime(2026, 6, 9, 15, 59, 35, 207183)}, {'name': 'Om Niwas Suite Hotel', 'stay_type': 'vacation rental', 'rating': 4.0, 'price': 13967, 'location': 'Rajasthan', 'noPeople': 4, 'Beds': None, 'Bedroom': 1, 'Bathroom': None, 'check_in_out': '1:30\u202fPM - 11:00\u202fAM', 'close_to_airport': 'Yes', 'fetched_at': datetime.datetime(2026, 6, 9, 15, 59, 35, 207183)}  ... displaying 10 of 20 total bound parameter sets ...  {'name': 'Hotel park palace', 'stay_type': 'hotel', 'rating': 3.8, 'price': 4750, 'location': 'Rajasthan', 'noPeople': None, 'Beds': None, 'Bedroom': None, 'Bathroom': None, 'check_in_out': '2:00\u202fPM - N/A', 'close_to_airport': 'Yes', 'fetched_at': datetime.datetime(2026, 6, 9, 15, 59, 35, 207183)}, {'name': 'HOTEL CLEAR SKY', 'stay_type': 'hotel', 'rating': 3.6, 'price': 2326, 'location': 'Rajasthan', 'noPeople': None, 'Beds': None, 'Bedroom': None, 'Bathroom': None, 'check_in_out': '12:00\u202fPM - 11:00\u202fAM', 'close_to_airport': 'Yes', 'fetched_at': datetime.datetime(2026, 6, 9, 15, 59, 35, 207183)}]]
(Background on this error at: https://sqlalche.me/e/20/e3q8)
2026-06-09 16:02:37,533 INFO [weather] Loaded 672 rows successfully.
2026-06-09 16:02:37,986 INFO [flight] Loaded 4 rows successfully.
2026-06-09 16:02:39,147 INFO [hotel] Loaded 20 rows successfully.
2026-06-09 16:02:40,339 INFO [weather] Loaded 672 rows successfully.
2026-06-09 16:02:40,942 INFO [flight] Loaded 4 rows successfully.
2026-06-09 16:02:41,620 INFO [hotel] Loaded 3 rows successfully.
2026-06-09 16:02:42,733 INFO [weather] Loaded 672 rows successfully.
2026-06-09 16:02:43,001 INFO [flight] Loaded 4 rows successfully.
2026-06-09 16:02:44,415 INFO [hotel] Loaded 20 rows successfully.
2026-06-09 16:06:24,356 INFO [weather] Loaded 672 rows successfully.
2026-06-09 16:06:24,602 INFO [flight] Loaded 3 rows successfully.
2026-06-09 16:06:25,167 INFO [hotel] Loaded 20 rows successfully.
2026-06-09 16:06:26,162 INFO [weather] Loaded 672 rows successfully.
2026-06-09 16:06:26,385 INFO [flight] Loaded 3 rows successfully.
2026-06-09 16:06:27,074 INFO [hotel] Loaded 3 rows successfully.
2026-06-09 16:06:27,861 INFO [weather] Loaded 672 rows successfully.
2026-06-09 16:06:28,076 INFO [flight] Loaded 3 rows successfully.
2026-06-09 16:06:28,292 INFO [hotel] Loaded 20 rows successfully.
2026-06-09 16:08:49,669 INFO [weather] Loaded 672 rows successfully.
2026-06-09 16:08:49,899 INFO [flight] Loaded 3 rows successfully.
2026-06-09 16:08:50,141 INFO [hotel] Loaded 20 rows successfully.
2026-06-09 16:08:51,032 INFO [weather] Loaded 672 rows successfully.
2026-06-09 16:08:51,252 INFO [flight] Loaded 3 rows successfully.
2026-06-09 16:08:51,854 INFO [hotel] Loaded 3 rows successfully.
2026-06-09 16:08:52,843 INFO [weather] Loaded 672 rows successfully.
2026-06-09 16:08:53,025 INFO [flight] Loaded 3 rows successfully.
2026-06-09 16:08:53,290 INFO [hotel] Loaded 20 rows successfully.
