2026-06-08 16:49:17,259 INFO Fetching flight data...
2026-06-08 16:49:18,082 INFO Flight data fetched successfully.
2026-06-08 16:49:18,091 INFO Extracted 4 records.
2026-06-08 16:49:18,092 INFO ETL complete. DataFrame shape: (4, 10)

2026-06-08 16:50:23,824 INFO Fetching flight data...
2026-06-08 16:50:23,993 INFO Flight data fetched successfully.
2026-06-08 16:50:24,000 INFO Extracted 4 records.
2026-06-08 16:50:24,000 INFO ETL complete. DataFrame shape: (4, 10)

2026-06-09 15:42:27,190 INFO Fetching flight data...
2026-06-09 15:42:27,633 INFO Flight data fetched successfully.
2026-06-09 15:42:27,641 INFO Extracted 4 records.
2026-06-09 15:42:27,641 INFO ETL complete. DataFrame shape: (4, 10)

2026-06-09 15:45:20,470 INFO Fetching flight data...
2026-06-09 15:45:20,661 INFO Flight data fetched successfully.
2026-06-09 15:45:20,667 INFO Extracted 4 records.
2026-06-09 15:45:20,667 INFO ETL complete. DataFrame shape: (4, 10)

2026-06-09 15:55:07,725 INFO Fetching flight data...
2026-06-09 15:55:08,258 INFO Flight data fetched successfully.
2026-06-09 15:59:25,179 INFO Fetching flight data...
2026-06-09 15:59:25,421 INFO Flight data fetched successfully.
2026-06-09 15:59:27,183 INFO Fetching flight data...
2026-06-09 15:59:27,384 INFO Flight data fetched successfully.
2026-06-09 15:59:32,246 INFO Fetching flight data...
2026-06-09 15:59:32,424 INFO Flight data fetched successfully.
2026-06-09 16:02:37,536 INFO Fetching flight data...
2026-06-09 16:02:37,923 INFO Flight data fetched successfully.
2026-06-09 16:02:37,936 INFO Extracted 4 records.
2026-06-09 16:02:37,936 INFO ETL complete. DataFrame shape: (4, 11)

2026-06-09 16:02:40,341 INFO Fetching flight data...
2026-06-09 16:02:40,892 INFO Flight data fetched successfully.
2026-06-09 16:02:40,898 INFO Extracted 4 records.
2026-06-09 16:02:40,898 INFO ETL complete. DataFrame shape: (4, 11)

2026-06-09 16:02:42,735 INFO Fetching flight data...
2026-06-09 16:02:42,963 INFO Flight data fetched successfully.
2026-06-09 16:02:42,970 INFO Extracted 4 records.
2026-06-09 16:02:42,970 INFO ETL complete. DataFrame shape: (4, 11)

2026-06-09 16:06:24,356 INFO Fetching flight data...
2026-06-09 16:06:24,542 INFO Flight data fetched successfully.
2026-06-09 16:06:24,548 INFO Extracted 3 records.
2026-06-09 16:06:24,548 INFO ETL complete. DataFrame shape: (3, 11)

2026-06-09 16:06:26,165 INFO Fetching flight data...
2026-06-09 16:06:26,309 INFO Flight data fetched successfully.
2026-06-09 16:06:26,319 INFO Extracted 3 records.
2026-06-09 16:06:26,319 INFO ETL complete. DataFrame shape: (3, 11)

2026-06-09 16:06:27,861 INFO Fetching flight data...
2026-06-09 16:06:28,024 INFO Flight data fetched successfully.
2026-06-09 16:06:28,033 INFO Extracted 3 records.
2026-06-09 16:06:28,033 INFO ETL complete. DataFrame shape: (3, 11)

2026-06-09 16:08:49,671 INFO Fetching flight data...
2026-06-09 16:08:49,835 INFO Flight data fetched successfully.
2026-06-09 16:08:49,841 INFO Extracted 3 records.
2026-06-09 16:08:49,841 INFO ETL complete. DataFrame shape: (3, 11)

2026-06-09 16:08:51,034 INFO Fetching flight data...
2026-06-09 16:08:51,187 INFO Flight data fetched successfully.
2026-06-09 16:08:51,192 INFO Extracted 3 records.
2026-06-09 16:08:51,192 INFO ETL complete. DataFrame shape: (3, 11)

2026-06-09 16:08:52,845 INFO Fetching flight data...
2026-06-09 16:08:52,981 INFO Flight data fetched successfully.
2026-06-09 16:08:52,990 INFO Extracted 3 records.
2026-06-09 16:08:52,990 INFO ETL complete. DataFrame shape: (3, 11)

2026-06-09 19:40:53,739 INFO Fetching flight data...
2026-06-09 19:41:00,927 INFO Flight data fetched successfully.
2026-06-09 19:41:00,933 INFO Extracted 3 records.
2026-06-09 19:41:00,933 INFO ETL complete. DataFrame shape: (3, 11)

2026-06-09 19:41:41,523 INFO Fetching flight data...
2026-06-09 19:41:41,873 INFO Flight data fetched successfully.
2026-06-09 19:41:41,878 INFO Extracted 3 records.
2026-06-09 19:41:41,878 INFO ETL complete. DataFrame shape: (3, 11)

2026-06-09 19:42:25,771 INFO Fetching flight data...
2026-06-09 19:42:26,115 INFO Flight data fetched successfully.
2026-06-09 19:42:26,121 INFO Extracted 3 records.
2026-06-09 19:42:26,121 INFO ETL complete. DataFrame shape: (3, 11)

2026-06-10 00:08:41,100 INFO Fetching flight data...
2026-06-10 00:08:42,798 INFO Flight data fetched successfully.
2026-06-10 00:08:42,823 INFO Extracted 3 records.
2026-06-10 00:08:42,823 INFO ETL complete. DataFrame shape: (3, 11)

2026-06-10 17:01:49,600 INFO Fetching flight data...
2026-06-10 17:01:54,924 INFO Flight data fetched successfully.
2026-06-10 17:01:54,924 INFO Extracted 2 records.
2026-06-10 17:01:54,924 INFO ETL complete. DataFrame shape: (2, 11)

2026-06-10 17:06:11,912 INFO Fetching flight data...
2026-06-10 17:06:12,868 INFO Flight data fetched successfully.
2026-06-10 17:06:12,872 INFO Extracted 1 records.
2026-06-10 17:06:12,872 INFO ETL complete. DataFrame shape: (1, 11)

2026-06-10 17:32:37,039 INFO Fetching flight data...
2026-06-10 17:32:38,775 ERROR SerpApi error: Google Flights hasn't returned any results for this query.
2026-06-10 17:32:38,775 INFO Fetching flight data...
2026-06-10 17:32:39,581 INFO Flight data fetched successfully.
2026-06-10 17:32:39,581 INFO Extracted 3 records.
2026-06-10 17:32:39,581 INFO ETL complete. DataFrame shape: (3, 11)

2026-06-10 17:35:51,426 INFO Fetching flight data...
2026-06-10 17:35:53,238 INFO Flight data fetched successfully.
2026-06-10 17:35:53,239 INFO Extracted 1 records.
2026-06-10 17:35:53,239 INFO ETL complete. DataFrame shape: (1, 11)

2026-06-10 17:35:53,332 INFO Fetching flight data...
2026-06-10 17:35:53,637 INFO Flight data fetched successfully.
2026-06-10 17:35:53,637 INFO Extracted 3 records.
2026-06-10 17:35:53,637 INFO ETL complete. DataFrame shape: (3, 11)

