2026-06-09 19:20:37,034 INFO Extracting weather data for Sikkim, India
2026-06-09 19:20:42,285 INFO Weather data extracted successfully for Sikkim, India
2026-06-09 19:20:42,287 INFO Cleaning weather data for Sikkim, India
2026-06-09 19:20:42,331 INFO Cleaning completed successfully for Sikkim, India
2026-06-09 19:41:03,320 INFO Extracting weather data for Goa, India
2026-06-09 19:41:04,482 INFO Weather data extracted successfully for Goa, India
2026-06-09 19:41:04,484 INFO Cleaning weather data for Goa, India
2026-06-09 19:41:04,489 INFO Cleaning completed successfully for Goa, India
2026-06-09 19:41:44,313 INFO Extracting weather data for Kerala, India
2026-06-09 19:41:47,201 INFO Weather data extracted successfully for Kerala, India
2026-06-09 19:41:47,203 INFO Cleaning weather data for Kerala, India
2026-06-09 19:41:47,207 INFO Cleaning completed successfully for Kerala, India
2026-06-09 19:42:28,669 INFO Extracting weather data for Rajasthan, India
2026-06-09 19:42:30,990 INFO Weather data extracted successfully for Rajasthan, India
2026-06-09 19:42:30,991 INFO Cleaning weather data for Rajasthan, India
2026-06-09 19:42:30,995 INFO Cleaning completed successfully for Rajasthan, India
2026-06-09 19:46:33,893 INFO Extracting weather data for Sikkim, India
2026-06-09 19:46:37,590 INFO Weather data extracted successfully for Sikkim, India
2026-06-09 19:46:37,591 INFO Cleaning weather data for Sikkim, India
2026-06-09 19:46:37,598 INFO Cleaning completed successfully for Sikkim, India
2026-06-09 19:53:25,184 INFO Extracting weather data for Sikkim, India
2026-06-09 19:53:26,817 INFO Weather data extracted successfully for Sikkim, India
2026-06-09 19:53:26,819 INFO Cleaning weather data for Sikkim, India
2026-06-09 19:53:26,825 INFO Cleaning completed successfully for Sikkim, India
2026-06-09 19:53:27,044 INFO Extracting weather data for Sikkim, India
2026-06-09 19:53:27,709 INFO Weather data extracted successfully for Sikkim, India
2026-06-09 19:53:27,709 INFO Cleaning weather data for Sikkim, India
2026-06-09 19:53:27,709 INFO Cleaning completed successfully for Sikkim, India
2026-06-09 19:53:28,427 ERROR Location not found
2026-06-09 19:56:53,252 INFO Extracting weather data for Sikkim, India
2026-06-09 19:56:57,599 INFO Weather data extracted successfully for Sikkim, India
2026-06-09 19:56:57,601 INFO Cleaning weather data for Sikkim, India
2026-06-09 19:56:57,607 INFO Cleaning completed successfully for Sikkim, India
2026-06-09 19:56:57,814 INFO Extracting weather data for Sikkim, India
2026-06-09 19:56:58,378 INFO Weather data extracted successfully for Sikkim, India
2026-06-09 19:56:58,379 INFO Cleaning weather data for Sikkim, India
2026-06-09 19:56:58,383 INFO Cleaning completed successfully for Sikkim, India
2026-06-09 19:59:16,854 INFO Extracting weather data for Sikkim, India
2026-06-09 19:59:17,633 INFO Weather data extracted successfully for Sikkim, India
2026-06-09 19:59:17,634 INFO Cleaning weather data for Sikkim, India
2026-06-09 19:59:17,640 INFO Cleaning completed successfully for Sikkim, India
2026-06-09 19:59:17,863 INFO Extracting weather data for Sikkim, India
2026-06-09 19:59:20,271 INFO Weather data extracted successfully for Sikkim, India
2026-06-09 19:59:20,273 INFO Cleaning weather data for Sikkim, India
2026-06-09 19:59:20,276 INFO Cleaning completed successfully for Sikkim, India
2026-06-09 20:01:56,442 INFO Extracting weather data for Sikkim, India
2026-06-09 20:01:57,377 INFO Weather data extracted successfully for Sikkim, India
2026-06-09 20:01:57,377 INFO Cleaning weather data for Sikkim, India
2026-06-09 20:01:57,388 INFO Cleaning completed successfully for Sikkim, India
2026-06-09 20:03:09,867 INFO Extracting weather data for Sikkim, India
2026-06-09 20:03:10,472 INFO Weather data extracted successfully for Sikkim, India
2026-06-09 20:03:10,473 INFO Cleaning weather data for Sikkim, India
2026-06-09 20:03:10,480 INFO Cleaning completed successfully for Sikkim, India
2026-06-09 20:03:10,721 INFO Extracting weather data for Sikkim, India
2026-06-09 20:03:12,428 INFO Weather data extracted successfully for Sikkim, India
2026-06-09 20:03:12,428 INFO Cleaning weather data for Sikkim, India
2026-06-09 20:03:12,444 INFO Cleaning completed successfully for Sikkim, India
2026-06-09 20:05:32,503 INFO Extracting weather data for Sikkim, India
2026-06-09 20:05:33,874 INFO Weather data extracted successfully for Sikkim, India
2026-06-09 20:05:33,875 INFO Cleaning weather data for Sikkim
2026-06-09 20:05:33,882 INFO Cleaning completed successfully for Sikkim
2026-06-09 20:11:10,073 INFO Extracting weather data for Sikkim, India
2026-06-09 20:11:10,718 INFO Weather data extracted successfully for Sikkim, India
2026-06-09 20:11:10,719 INFO Cleaning weather data for Sikkim
2026-06-09 20:11:10,723 INFO Cleaning completed successfully for Sikkim
2026-06-09 20:14:58,522 INFO Extracting weather data for Sikkim, India
2026-06-09 20:14:59,805 INFO Weather data extracted successfully for Sikkim, India
2026-06-09 20:14:59,805 INFO Cleaning weather data for Sikkim
2026-06-09 20:14:59,823 INFO Cleaning completed successfully for Sikkim
2026-06-09 23:09:55,388 INFO Extracting weather data for Sikkim, India
2026-06-09 23:09:57,603 INFO Weather data extracted successfully for Sikkim, India
2026-06-09 23:09:57,606 INFO Cleaning weather data for Sikkim
2026-06-09 23:09:57,620 INFO Cleaning completed successfully for Sikkim
2026-06-09 23:58:53,220 INFO Extracting weather data for Sikkim, India
2026-06-09 23:58:54,599 INFO Weather data extracted successfully for Sikkim, India
2026-06-09 23:58:54,600 INFO Cleaning weather data for Sikkim
2026-06-09 23:58:54,609 INFO Cleaning completed successfully for Sikkim
2026-06-10 00:00:23,969 INFO Extracting weather data for Sikkim, India
2026-06-10 00:00:25,395 INFO Weather data extracted successfully for Sikkim, India
2026-06-10 00:00:25,395 INFO Cleaning weather data for Sikkim
2026-06-10 00:00:25,408 INFO Cleaning completed successfully for Sikkim
2026-06-10 00:08:45,156 INFO Extracting weather data for Sikkim, India
2026-06-10 00:08:46,696 INFO Weather data extracted successfully for Sikkim, India
2026-06-10 00:08:46,697 INFO Cleaning weather data for Sikkim
2026-06-10 00:08:46,702 INFO Cleaning completed successfully for Sikkim
2026-06-10 17:02:07,607 INFO Extracting weather data for Varkala, Thiruvananthapuram, Kerala, 695145, India
2026-06-10 17:02:08,249 INFO Weather data extracted successfully for Varkala, Thiruvananthapuram, Kerala, 695145, India
2026-06-10 17:02:08,250 INFO Cleaning weather data for Varkala
2026-06-10 17:02:08,277 INFO Cleaning completed successfully for Varkala
2026-06-10 17:06:18,201 INFO Extracting weather data for Ladakh, India
2026-06-10 17:06:22,720 INFO Weather data extracted successfully for Ladakh, India
2026-06-10 17:06:22,720 INFO Cleaning weather data for Ladakh
2026-06-10 17:06:22,720 INFO Cleaning completed successfully for Ladakh
